<?xml version="1.0" encoding="UTF-8"?>
<coverage generated="1687698221950" clover="3.2.0">
  <project timestamp="1687698221950" name="All files">
    <metrics statements="35" coveredstatements="34" conditionals="4" coveredconditionals="4" methods="5" coveredmethods="4" elements="44" coveredelements="42" complexity="0" loc="35" ncloc="35" packages="4" files="7" classes="7"/>
    <package name="mocks">
      <metrics statements="1" coveredstatements="1" conditionals="0" coveredconditionals="0" methods="0" coveredmethods="0"/>
      <file name="characters.ts" path="/Users/rafaelcardoso/Desktop/Projects/fpass-marvel-challenge-reactjs/src/mocks/characters.ts">
        <metrics statements="1" coveredstatements="1" conditionals="0" coveredconditionals="0" methods="0" coveredmethods="0"/>
        <line num="3" count="11" type="stmt"/>
      </file>
    </package>
    <package name="pages.characters">
      <metrics statements="20" coveredstatements="20" conditionals="4" coveredconditionals="4" methods="2" coveredmethods="2"/>
      <file name="index.tsx" path="/Users/rafaelcardoso/Desktop/Projects/fpass-marvel-challenge-reactjs/src/pages/characters/index.tsx">
        <metrics statements="16" coveredstatements="16" conditionals="4" coveredconditionals="4" methods="2" coveredmethods="2"/>
        <line num="1" count="1" type="stmt"/>
        <line num="2" count="1" type="stmt"/>
        <line num="5" count="1" type="stmt"/>
        <line num="6" count="1" type="stmt"/>
        <line num="7" count="1" type="stmt"/>
        <line num="9" count="11" type="stmt"/>
        <line num="10" count="15" type="stmt"/>
        <line num="11" count="15" type="stmt"/>
        <line num="12" count="15" type="stmt"/>
        <line num="14" count="15" type="stmt"/>
        <line num="15" count="4" type="stmt"/>
        <line num="16" count="4" type="stmt"/>
        <line num="18" count="4" type="cond" truecount="2" falsecount="0"/>
        <line num="19" count="3" type="stmt"/>
        <line num="21" count="1" type="stmt"/>
        <line num="25" count="15" type="stmt"/>
      </file>
      <file name="styles.ts" path="/Users/rafaelcardoso/Desktop/Projects/fpass-marvel-challenge-reactjs/src/pages/characters/styles.ts">
        <metrics statements="4" coveredstatements="4" conditionals="0" coveredconditionals="0" methods="0" coveredmethods="0"/>
        <line num="1" count="1" type="stmt"/>
        <line num="3" count="1" type="stmt"/>
        <line num="8" count="1" type="stmt"/>
        <line num="14" count="15" type="stmt"/>
      </file>
    </package>
    <package name="pages.characters.components.card">
      <metrics statements="8" coveredstatements="7" conditionals="0" coveredconditionals="0" methods="2" coveredmethods="1"/>
      <file name="index.tsx" path="/Users/rafaelcardoso/Desktop/Projects/fpass-marvel-challenge-reactjs/src/pages/characters/components/card/index.tsx">
        <metrics statements="3" coveredstatements="2" conditionals="0" coveredconditionals="0" methods="2" coveredmethods="1"/>
        <line num="6" count="1" type="stmt"/>
        <line num="8" count="20" type="stmt"/>
        <line num="10" count="0" type="stmt"/>
      </file>
      <file name="styles.ts" path="/Users/rafaelcardoso/Desktop/Projects/fpass-marvel-challenge-reactjs/src/pages/characters/components/card/styles.ts">
        <metrics statements="5" coveredstatements="5" conditionals="0" coveredconditionals="0" methods="0" coveredmethods="0"/>
        <line num="1" count="1" type="stmt"/>
        <line num="3" count="1" type="stmt"/>
        <line num="6" count="1" type="stmt"/>
        <line num="11" count="1" type="stmt"/>
        <line num="15" count="20" type="stmt"/>
      </file>
    </package>
    <package name="pages.characters.components.cards">
      <metrics statements="6" coveredstatements="6" conditionals="0" coveredconditionals="0" methods="1" coveredmethods="1"/>
      <file name="index.tsx" path="/Users/rafaelcardoso/Desktop/Projects/fpass-marvel-challenge-reactjs/src/pages/characters/components/cards/index.tsx">
        <metrics statements="3" coveredstatements="3" conditionals="0" coveredconditionals="0" methods="1" coveredmethods="1"/>
        <line num="1" count="1" type="stmt"/>
        <line num="3" count="1" type="stmt"/>
        <line num="5" count="11" type="stmt"/>
      </file>
      <file name="styles.ts" path="/Users/rafaelcardoso/Desktop/Projects/fpass-marvel-challenge-reactjs/src/pages/characters/components/cards/styles.ts">
        <metrics statements="3" coveredstatements="3" conditionals="0" coveredconditionals="0" methods="0" coveredmethods="0"/>
        <line num="1" count="1" type="stmt"/>
        <line num="3" count="1" type="stmt"/>
        <line num="11" count="11" type="stmt"/>
      </file>
    </package>
  </project>
</coverage>
