{"/Users/rafaelcardoso/Desktop/Projects/fpass-marvel-challenge-reactjs/src/mocks/characters.ts": {"path":"/Users/rafaelcardoso/Desktop/Projects/fpass-marvel-challenge-reactjs/src/mocks/characters.ts","statementMap":{"0":{"start":{"line":3,"column":13},"end":{"line":3,"column":49}},"1":{"start":{"line":3,"column":49},"end":{"line":24,"column":null}}},"fnMap":{},"branchMap":{},"s":{"0":11,"1":1},"f":{},"b":{}}
,"/Users/rafaelcardoso/Desktop/Projects/fpass-marvel-challenge-reactjs/src/pages/characters/index.tsx": {"path":"/Users/rafaelcardoso/Desktop/Projects/fpass-marvel-challenge-reactjs/src/pages/characters/index.tsx","statementMap":{"0":{"start":{"line":9,"column":13},"end":{"line":9,"column":26}},"1":{"start":{"line":1,"column":31},"end":{"line":1,"column":null}},"2":{"start":{"line":2,"column":25},"end":{"line":2,"column":null}},"3":{"start":{"line":5,"column":22},"end":{"line":5,"column":null}},"4":{"start":{"line":6,"column":55},"end":{"line":6,"column":null}},"5":{"start":{"line":7,"column":24},"end":{"line":7,"column":null}},"6":{"start":{"line":9,"column":26},"end":{"line":45,"column":null}},"7":{"start":{"line":10,"column":40},"end":{"line":10,"column":null}},"8":{"start":{"line":11,"column":50},"end":{"line":11,"column":null}},"9":{"start":{"line":12,"column":31},"end":{"line":12,"column":null}},"10":{"start":{"line":14,"column":23},"end":{"line":23,"column":null}},"11":{"start":{"line":15,"column":29},"end":{"line":15,"column":47}},"12":{"start":{"line":16,"column":4},"end":{"line":16,"column":null}},"13":{"start":{"line":18,"column":4},"end":{"line":22,"column":null}},"14":{"start":{"line":19,"column":6},"end":{"line":19,"column":null}},"15":{"start":{"line":21,"column":6},"end":{"line":21,"column":null}},"16":{"start":{"line":25,"column":2},"end":{"line":41,"column":null}}},"fnMap":{"0":{"name":"(anonymous_1)","decl":{"start":{"line":9,"column":26},"end":{"line":9,"column":null}},"loc":{"start":{"line":9,"column":26},"end":{"line":45,"column":null}}},"1":{"name":"(anonymous_2)","decl":{"start":{"line":14,"column":23},"end":{"line":14,"column":30}},"loc":{"start":{"line":14,"column":30},"end":{"line":23,"column":null}}}},"branchMap":{"0":{"loc":{"start":{"line":18,"column":4},"end":{"line":22,"column":null}},"type":"if","locations":[{"start":{"line":18,"column":4},"end":{"line":22,"column":null}},{"start":{"line":20,"column":11},"end":{"line":22,"column":null}}]},"1":{"loc":{"start":{"line":36,"column":7},"end":{"line":41,"column":null}},"type":"cond-expr","locations":[{"start":{"line":37,"column":8},"end":{"line":41,"column":null}},{"start":{"line":41,"column":8},"end":{"line":41,"column":null}}]}},"s":{"0":11,"1":1,"2":1,"3":1,"4":1,"5":1,"6":1,"7":15,"8":15,"9":15,"10":15,"11":4,"12":4,"13":4,"14":3,"15":1,"16":15},"f":{"0":15,"1":4},"b":{"0":[3,1],"1":[11,4]}}
,"/Users/rafaelcardoso/Desktop/Projects/fpass-marvel-challenge-reactjs/src/pages/characters/styles.ts": {"path":"/Users/rafaelcardoso/Desktop/Projects/fpass-marvel-challenge-reactjs/src/pages/characters/styles.ts","statementMap":{"0":{"start":{"line":14,"column":9},"end":{"line":14,"column":24}},"1":{"start":{"line":14,"column":26},"end":{"line":14,"column":47}},"2":{"start":{"line":1,"column":23},"end":{"line":1,"column":null}},"3":{"start":{"line":3,"column":24},"end":{"line":7,"column":1}},"4":{"start":{"line":8,"column":30},"end":{"line":12,"column":1}}},"fnMap":{},"branchMap":{},"s":{"0":15,"1":15,"2":1,"3":1,"4":1},"f":{},"b":{}}
,"/Users/rafaelcardoso/Desktop/Projects/fpass-marvel-challenge-reactjs/src/pages/characters/components/card/index.tsx": {"path":"/Users/rafaelcardoso/Desktop/Projects/fpass-marvel-challenge-reactjs/src/pages/characters/components/card/index.tsx","statementMap":{"0":{"start":{"line":8,"column":13},"end":{"line":8,"column":48}},"1":{"start":{"line":6,"column":7},"end":{"line":6,"column":null}},"2":{"start":{"line":8,"column":48},"end":{"line":18,"column":null}},"3":{"start":{"line":10,"column":40},"end":{"line":10,"column":null}}},"fnMap":{"0":{"name":"(anonymous_1)","decl":{"start":{"line":8,"column":48},"end":{"line":8,"column":49}},"loc":{"start":{"line":8,"column":63},"end":{"line":18,"column":null}}},"1":{"name":"(anonymous_2)","decl":{"start":{"line":10,"column":34},"end":{"line":10,"column":40}},"loc":{"start":{"line":10,"column":40},"end":{"line":10,"column":null}}}},"branchMap":{},"s":{"0":20,"1":1,"2":1,"3":0},"f":{"0":20,"1":0},"b":{}}
,"/Users/rafaelcardoso/Desktop/Projects/fpass-marvel-challenge-reactjs/src/pages/characters/components/card/styles.ts": {"path":"/Users/rafaelcardoso/Desktop/Projects/fpass-marvel-challenge-reactjs/src/pages/characters/components/card/styles.ts","statementMap":{"0":{"start":{"line":15,"column":9},"end":{"line":15,"column":28}},"1":{"start":{"line":15,"column":30},"end":{"line":15,"column":48}},"2":{"start":{"line":15,"column":50},"end":{"line":15,"column":69}},"3":{"start":{"line":1,"column":23},"end":{"line":1,"column":null}},"4":{"start":{"line":3,"column":28},"end":{"line":5,"column":1}},"5":{"start":{"line":6,"column":27},"end":{"line":9,"column":1}},"6":{"start":{"line":11,"column":28},"end":{"line":13,"column":1}}},"fnMap":{},"branchMap":{},"s":{"0":20,"1":20,"2":20,"3":1,"4":1,"5":1,"6":1},"f":{},"b":{}}
,"/Users/rafaelcardoso/Desktop/Projects/fpass-marvel-challenge-reactjs/src/pages/characters/components/cards/index.tsx": {"path":"/Users/rafaelcardoso/Desktop/Projects/fpass-marvel-challenge-reactjs/src/pages/characters/components/cards/index.tsx","statementMap":{"0":{"start":{"line":5,"column":13},"end":{"line":5,"column":50}},"1":{"start":{"line":1,"column":21},"end":{"line":1,"column":null}},"2":{"start":{"line":3,"column":37},"end":{"line":3,"column":null}},"3":{"start":{"line":5,"column":50},"end":{"line":13,"column":null}}},"fnMap":{"0":{"name":"(anonymous_1)","decl":{"start":{"line":5,"column":50},"end":{"line":5,"column":51}},"loc":{"start":{"line":5,"column":72},"end":{"line":13,"column":null}}}},"branchMap":{},"s":{"0":11,"1":1,"2":1,"3":1},"f":{"0":11},"b":{}}
,"/Users/rafaelcardoso/Desktop/Projects/fpass-marvel-challenge-reactjs/src/pages/characters/components/cards/styles.ts": {"path":"/Users/rafaelcardoso/Desktop/Projects/fpass-marvel-challenge-reactjs/src/pages/characters/components/cards/styles.ts","statementMap":{"0":{"start":{"line":11,"column":9},"end":{"line":11,"column":null}},"1":{"start":{"line":1,"column":23},"end":{"line":1,"column":null}},"2":{"start":{"line":3,"column":29},"end":{"line":9,"column":1}}},"fnMap":{},"branchMap":{},"s":{"0":11,"1":1,"2":1},"f":{},"b":{}}
}
