TN:
SF:src/mocks/characters.ts
FNF:0
FNH:0
DA:3,11
LF:1
LH:1
BRF:0
BRH:0
end_of_record
TN:
SF:src/pages/characters/index.tsx
FN:9,(anonymous_1)
FN:14,(anonymous_2)
FNF:2
FNH:2
FNDA:15,(anonymous_1)
FNDA:4,(anonymous_2)
DA:1,1
DA:2,1
DA:5,1
DA:6,1
DA:7,1
DA:9,11
DA:10,15
DA:11,15
DA:12,15
DA:14,15
DA:15,4
DA:16,4
DA:18,4
DA:19,3
DA:21,1
DA:25,15
LF:16
LH:16
BRDA:18,0,0,3
BRDA:18,0,1,1
BRDA:36,1,0,11
BRDA:36,1,1,4
BRF:4
BRH:4
end_of_record
TN:
SF:src/pages/characters/styles.ts
FNF:0
FNH:0
DA:1,1
DA:3,1
DA:8,1
DA:14,15
LF:4
LH:4
BRF:0
BRH:0
end_of_record
TN:
SF:src/pages/characters/components/card/index.tsx
FN:8,(anonymous_1)
FN:10,(anonymous_2)
FNF:2
FNH:1
FNDA:20,(anonymous_1)
FNDA:0,(anonymous_2)
DA:6,1
DA:8,20
DA:10,0
LF:3
LH:2
BRF:0
BRH:0
end_of_record
TN:
SF:src/pages/characters/components/card/styles.ts
FNF:0
FNH:0
DA:1,1
DA:3,1
DA:6,1
DA:11,1
DA:15,20
LF:5
LH:5
BRF:0
BRH:0
end_of_record
TN:
SF:src/pages/characters/components/cards/index.tsx
FN:5,(anonymous_1)
FNF:1
FNH:1
FNDA:11,(anonymous_1)
DA:1,1
DA:3,1
DA:5,11
LF:3
LH:3
BRF:0
BRH:0
end_of_record
TN:
SF:src/pages/characters/components/cards/styles.ts
FNF:0
FNH:0
DA:1,1
DA:3,1
DA:11,11
LF:3
LH:3
BRF:0
BRH:0
end_of_record
